{"uuid":"e1d628ec-f19f-4211-b83e-e1f806b985bc","historyId":"ff1bf9e44dfa420a93a5a227076f4b14","fullName":"cartTest.AddToCartTest.test_to_login_add_product_to_cart_checkout_and_verify_product_removal","labels":[{"name":"package","value":"cartTest.AddToCartTest"},{"name":"testClass","value":"cartTest.AddToCartTest"},{"name":"testMethod","value":"test_to_login_add_product_to_cart_checkout_and_verify_product_removal"},{"name":"parentSuite","value":"Default Suite"},{"name":"suite","value":"POMPractice"},{"name":"subSuite","value":"cartTest.AddToCartTest"},{"name":"host","value":"ndi-mb-250"},{"name":"thread","value":"58872@ndi-mb-250.main(1)"},{"name":"framework","value":"testng"},{"name":"language","value":"java"},{"name":"owner","value":"Nishant Rawat"},{"name":"feature","value":"Feature 1"},{"name":"story","value":"Story 1"},{"name":"severity","value":"critical"}],"links":[],"name":"test_to_login_add_product_to_cart_checkout_and_verify_product_removal","status":"broken","statusDetails":{"known":false,"muted":false,"flaky":false,"message":"Keys to send should be a not null CharSequence","trace":"java.lang.IllegalArgumentException: Keys to send should be a not null CharSequence\n\tat org.openqa.selenium.remote.RemoteWebElement.sendKeys(RemoteWebElement.java:93)\n\tat util.BasicActions.enterPinCodeForCheckout(BasicActions.java:53)\n\tat page_functions.CheckoutInfoImpl.enterCheckoutDetails(CheckoutInfoImpl.java:19)\n\tat cartTest.AddToCartTest.test_to_login_add_product_to_cart_checkout_and_verify_product_removal(AddToCartTest.java:46)\n\tat java.base/jdk.internal.reflect.NativeMethodAccessorImpl.invoke0(Native Method)\n\tat java.base/jdk.internal.reflect.NativeMethodAccessorImpl.invoke(NativeMethodAccessorImpl.java:77)\n\tat java.base/jdk.internal.reflect.DelegatingMethodAccessorImpl.invoke(DelegatingMethodAccessorImpl.java:43)\n\tat java.base/java.lang.reflect.Method.invoke(Method.java:568)\n\tat org.testng.internal.MethodInvocationHelper.invokeMethod(MethodInvocationHelper.java:133)\n\tat org.testng.internal.TestInvoker.invokeMethod(TestInvoker.java:598)\n\tat org.testng.internal.TestInvoker.invokeTestMethod(TestInvoker.java:173)\n\tat org.testng.internal.MethodRunner.runInSequence(MethodRunner.java:46)\n\tat org.testng.internal.TestInvoker$MethodInvocationAgent.invoke(TestInvoker.java:824)\n\tat org.testng.internal.TestInvoker.invokeTestMethods(TestInvoker.java:146)\n\tat org.testng.internal.TestMethodWorker.invokeTestMethods(TestMethodWorker.java:146)\n\tat org.testng.internal.TestMethodWorker.run(TestMethodWorker.java:128)\n\tat java.base/java.util.ArrayList.forEach(ArrayList.java:1511)\n\tat org.testng.TestRunner.privateRun(TestRunner.java:794)\n\tat org.testng.TestRunner.run(TestRunner.java:596)\n\tat org.testng.SuiteRunner.runTest(SuiteRunner.java:377)\n\tat org.testng.SuiteRunner.runSequentially(SuiteRunner.java:371)\n\tat org.testng.SuiteRunner.privateRun(SuiteRunner.java:332)\n\tat org.testng.SuiteRunner.run(SuiteRunner.java:276)\n\tat org.testng.SuiteRunnerWorker.runSuite(SuiteRunnerWorker.java:53)\n\tat org.testng.SuiteRunnerWorker.run(SuiteRunnerWorker.java:96)\n\tat org.testng.TestNG.runSuitesSequentially(TestNG.java:1212)\n\tat org.testng.TestNG.runSuitesLocally(TestNG.java:1134)\n\tat org.testng.TestNG.runSuites(TestNG.java:1063)\n\tat org.testng.TestNG.run(TestNG.java:1031)\n\tat com.intellij.rt.testng.IDEARemoteTestNG.run(IDEARemoteTestNG.java:66)\n\tat com.intellij.rt.testng.RemoteTestNGStarter.main(RemoteTestNGStarter.java:109)\n"},"stage":"finished","steps":[{"name":"Verify that correct site is opened","status":"passed","stage":"finished","steps":[],"attachments":[],"parameters":[],"start":1645291297706,"stop":1645291300756},{"name":"Enter login details","status":"passed","stage":"finished","steps":[],"attachments":[],"parameters":[],"start":1645291300757,"stop":1645291302396},{"name":"Selecting a product","status":"passed","stage":"finished","steps":[],"attachments":[],"parameters":[],"start":1645291302397,"stop":1645291305541},{"name":"Saving product name and product price","status":"passed","stage":"finished","steps":[],"attachments":[],"parameters":[],"start":1645291305541,"stop":1645291308626},{"name":"Adding product to cart","status":"passed","stage":"finished","steps":[],"attachments":[],"parameters":[],"start":1645291308626,"stop":1645291308725},{"name":"Clicking on cart button to checkout","status":"passed","stage":"finished","steps":[],"attachments":[],"parameters":[],"start":1645291308726,"stop":1645291308807},{"name":"Verify name and price of selected product","status":"passed","stage":"finished","steps":[],"attachments":[],"parameters":[],"start":1645291308809,"stop":1645291311891},{"name":"Proceed to checkout","status":"passed","stage":"finished","steps":[],"attachments":[],"parameters":[],"start":1645291311891,"stop":1645291312023},{"name":"Enter information for checkout","status":"broken","statusDetails":{"known":false,"muted":false,"flaky":false,"message":"Keys to send should be a not null CharSequence","trace":"java.lang.IllegalArgumentException: Keys to send should be a not null CharSequence\n\tat org.openqa.selenium.remote.RemoteWebElement.sendKeys(RemoteWebElement.java:93)\n\tat util.BasicActions.enterPinCodeForCheckout(BasicActions.java:53)\n\tat page_functions.CheckoutInfoImpl.enterCheckoutDetails(CheckoutInfoImpl.java:19)\n\tat cartTest.AddToCartTest.test_to_login_add_product_to_cart_checkout_and_verify_product_removal(AddToCartTest.java:46)\n\tat java.base/jdk.internal.reflect.NativeMethodAccessorImpl.invoke0(Native Method)\n\tat java.base/jdk.internal.reflect.NativeMethodAccessorImpl.invoke(NativeMethodAccessorImpl.java:77)\n\tat java.base/jdk.internal.reflect.DelegatingMethodAccessorImpl.invoke(DelegatingMethodAccessorImpl.java:43)\n\tat java.base/java.lang.reflect.Method.invoke(Method.java:568)\n\tat org.testng.internal.MethodInvocationHelper.invokeMethod(MethodInvocationHelper.java:133)\n\tat org.testng.internal.TestInvoker.invokeMethod(TestInvoker.java:598)\n\tat org.testng.internal.TestInvoker.invokeTestMethod(TestInvoker.java:173)\n\tat org.testng.internal.MethodRunner.runInSequence(MethodRunner.java:46)\n\tat org.testng.internal.TestInvoker$MethodInvocationAgent.invoke(TestInvoker.java:824)\n\tat org.testng.internal.TestInvoker.invokeTestMethods(TestInvoker.java:146)\n\tat org.testng.internal.TestMethodWorker.invokeTestMethods(TestMethodWorker.java:146)\n\tat org.testng.internal.TestMethodWorker.run(TestMethodWorker.java:128)\n\tat java.base/java.util.ArrayList.forEach(ArrayList.java:1511)\n\tat org.testng.TestRunner.privateRun(TestRunner.java:794)\n\tat org.testng.TestRunner.run(TestRunner.java:596)\n\tat org.testng.SuiteRunner.runTest(SuiteRunner.java:377)\n\tat org.testng.SuiteRunner.runSequentially(SuiteRunner.java:371)\n\tat org.testng.SuiteRunner.privateRun(SuiteRunner.java:332)\n\tat org.testng.SuiteRunner.run(SuiteRunner.java:276)\n\tat org.testng.SuiteRunnerWorker.runSuite(SuiteRunnerWorker.java:53)\n\tat org.testng.SuiteRunnerWorker.run(SuiteRunnerWorker.java:96)\n\tat org.testng.TestNG.runSuitesSequentially(TestNG.java:1212)\n\tat org.testng.TestNG.runSuitesLocally(TestNG.java:1134)\n\tat org.testng.TestNG.runSuites(TestNG.java:1063)\n\tat org.testng.TestNG.run(TestNG.java:1031)\n\tat com.intellij.rt.testng.IDEARemoteTestNG.run(IDEARemoteTestNG.java:66)\n\tat com.intellij.rt.testng.RemoteTestNGStarter.main(RemoteTestNGStarter.java:109)\n"},"stage":"finished","steps":[],"attachments":[],"parameters":[],"start":1645291312025,"stop":1645291315601}],"attachments":[],"parameters":[],"start":1645291297629,"stop":1645291315608}